<?xml version="1.0" encoding="UTF-8"?>
<testsuite xmlns:xsi="http://www.w3.org/2001/XMLSchema-instance" xsi:noNamespaceSchemaLocation="https://maven.apache.org/surefire/maven-failsafe-plugin/xsd/failsafe-test-report-3.0.xsd" version="3.0" name="AddressResolverIT" time="1.313" tests="2" errors="0" skipped="0" failures="0">
  <properties>
[...]
</properties>
  <testcase name="testFindAddressOk" classname="AddressResolverIT" time="0.846">
    <system-err><![CDATA[fev. 27, 2024 10:00:58 DA TARDE tqs.labs.geocoding.AddressResolverService findAddressForLocation
INFO: {"info":{"statuscode":0,"copyright":{"text":"© 2024 MapQuest, Inc.","imageUrl":"http://api.mqcdn.com/res/mqlogo.gif","imageAltText":"© 2024 MapQuest, Inc."},"messages":[]},"options":{"maxResults":1,"ignoreLatLngInput":false},"results":[{"providedLocation":{"latLng":{"lat":39.64062,"lng":-8.67125}},"locations":[{"street":"80 Rua dos Pedros","adminArea6":"Fátima","adminArea6Type":"Neighborhood","adminArea5":"Ourém","adminArea5Type":"City","adminArea4":"Santarém","adminArea4Type":"County","adminArea3":"","adminArea3Type":"State","adminArea1":"PT","adminArea1Type":"Country","postalCode":"2495-651","geocodeQualityCode":"L1AAA","geocodeQuality":"ADDRESS","dragPoint":false,"sideOfStreet":"L","linkId":"0","unknownInput":"","type":"s","latLng":{"lat":39.64054,"lng":-8.67131},"displayLatLng":{"lat":39.64051,"lng":-8.67135},"mapUrl":""}]}]}
]]></system-err>
  </testcase>
  <testcase name="testBadAddress" classname="AddressResolverIT" time="0.459">
    <system-err><![CDATA[fev. 27, 2024 10:00:59 DA TARDE tqs.labs.geocoding.AddressResolverService findAddressForLocation
INFO: {"info":{"statuscode":400,"copyright":{"text":"© 2024 MapQuest, Inc.","imageUrl":"http://api.mqcdn.com/res/mqlogo.gif","imageAltText":"© 2024 MapQuest, Inc."},"messages":["Illegal argument from request: Invalid LatLng specified."]},"options":{"maxResults":1,"ignoreLatLngInput":false},"results":[{"providedLocation":{},"locations":[]}]}
]]></system-err>
  </testcase>
</testsuite>